appcompat_v7/build/outputs/logs/manifest-merger-debug-report.txt
-- Merging decision tree log ---
manifest
ADDED from ASTestData/appcompat_v7/AndroidManifest.xml:16:1-20:12
INJECTED from ASTestData/appcompat_v7/AndroidManifest.xml:16:1-20:12
INJECTED from ASTestData/appcompat_v7/AndroidManifest.xml:16:1-20:12
	package
		ADDED from ASTestData/appcompat_v7/AndroidManifest.xml:17:11-49
		INJECTED from ASTestData/appcompat_v7/AndroidManifest.xml
		INJECTED from ASTestData/appcompat_v7/AndroidManifest.xml
	xmlns:android
		ADDED from ASTestData/appcompat_v7/AndroidManifest.xml:16:11-69
uses-sdk
ADDED from ASTestData/appcompat_v7/AndroidManifest.xml:18:5-42
	android:minSdkVersion
		ADDED from ASTestData/appcompat_v7/AndroidManifest.xml:18:15-40
application
ADDED from ASTestData/appcompat_v7/AndroidManifest.xml:19:5-20